[E 23:32:57 143057] CodeQL C/C++ Extractor 2.16.4
[E 23:32:57 143057] Current directory: /root/vulchecker/zeroday_0229_vul_revision
[E 23:32:57 143057] Command: /root/codeql/cpp/tools/linux64/extractor --mimic /usr/lib/gcc/x86_64-linux-gnu/9/cc1 -quiet -imultiarch x86_64-linux-gnu CWE-190___CVE-2024-36927.c___1-103___93.c_vul.c -quiet -dumpbase CWE-190___CVE-2024-36927.c___1-103___93.c_vul.c -mtune=generic -march=x86-64 -auxbase-strip CWE-190___CVE-2024-36927.c___1-103___93.c_vul -g -Wall -fasynchronous-unwind-tables -fstack-protector-strong -Wformat-security -fstack-clash-protection -fcf-protection -o /tmp/ccnQbEeh.s
[E 23:32:57 143057] Checking whether C compilation already happened.
[E 23:32:57 143057] Checking for tag c-compilation-happened
[E 23:32:57 143057] Checking CODEQL_TRACER_DB_ID 0000000000022ECF_0000000000000001
[E 23:32:57 143057] Locking DB /root/vulchecker/zeroday_0229_vul_revision/db/working/tags.db
[E 23:32:57 143057] Locked DB /root/vulchecker/zeroday_0229_vul_revision/db/working/tags.db
[E 23:32:57 143057] Unlocking DB
[E 23:32:57 143057] Unlocked DB
[E 23:32:57 143057] Looks like C compilation didn't already happen.
[E 23:32:57 143057] Checking whether C compilation has been attempted.
[E 23:32:57 143057] Checking for tag c-compilation-attempted
[E 23:32:57 143057] Checking CODEQL_TRACER_DB_ID 0000000000022ECF_0000000000000001
[E 23:32:57 143057] Locking DB /root/vulchecker/zeroday_0229_vul_revision/db/working/tags.db
[E 23:32:57 143057] Locked DB /root/vulchecker/zeroday_0229_vul_revision/db/working/tags.db
[E 23:32:57 143057] Unlocking DB
[E 23:32:57 143057] Unlocked DB
[E 23:32:57 143057] Marking C compilation as attempted.
[E 23:32:57 143057] Setting tag c-compilation-attempted
[E 23:32:57 143057] Starting from CODEQL_TRACER_DB_ID 0000000000022ECF_0000000000000001
[E 23:32:57 143057] Locking DB /root/vulchecker/zeroday_0229_vul_revision/db/working/tags.db
[E 23:32:57 143057] Locked DB /root/vulchecker/zeroday_0229_vul_revision/db/working/tags.db
[E 23:32:57 143057] Set tag for 0000000000022ECF_0000000000000001
[E 23:32:57 143057] Set tag for 0000000000022ECD_0000000000000001
[E 23:32:57 143057] Set tag for 0000000000022DC4_0000000000000003
[E 23:32:57 143057] Set tag for 0000000000022DC4_0000000000000002
[E 23:32:57 143057] Set tag for root
[E 23:32:57 143057] Unlocking DB
[E 23:32:57 143057] Unlocked DB
[E 23:32:57 143057] Processed command line: /root/codeql/cpp/tools/linux64/extractor --trapfolder /root/vulchecker/zeroday_0229_vul_revision/db/trap/cpp --src_archive /root/vulchecker/zeroday_0229_vul_revision/db/src --object_filename /tmp/ccnQbEeh.s -w --error_limit 1000 --disable_system_macros --variadic_macros --incognito --gcc --gnu_version 90400 --target linux_x86_64 -D__SSP_STRONG__=3 '-D__DBL_MIN_EXP__=(-1021)' -D__FLT32X_MAX_EXP__=1024 -D__UINT_LEAST16_MAX__=0xffff -D__ATOMIC_ACQUIRE=2 -D__FLT128_MAX_10_EXP__=4932 -D__FLT_MIN__=1.17549435082228750796873653722224568e-38F -D__GCC_IEC_559_COMPLEX=2 '-D__UINT_LEAST8_TYPE__=unsigned char' -D__SIZEOF_FLOAT80__=16 '-D__INTMAX_C(c)=c ## L' -D__CHAR_BIT__=8 -D__UINT8_MAX__=0xff -D__WINT_MAX__=0xffffffffU '-D__FLT32_MIN_EXP__=(-125)' -D__ORDER_LITTLE_ENDIAN__=1234 -D__SIZE_MAX__=0xffffffffffffffffUL -D__WCHAR_MAX__=0x7fffffff -D__GCC_HAVE_SYNC_COMPARE_AND_SWAP_1=1 -D__GCC_HAVE_SYNC_COMPARE_AND_SWAP_2=1 -D__GCC_HAVE_SYNC_COMPARE_AND_SWAP_4=1 '-D__DBL_DENORM_MIN__=((double)4.94065645841246544176568792868221372e-324L)' -D__GCC_HAVE_SYNC_COMPARE_AND_SWAP_8=1 -D__GCC_ATOMIC_CHAR_LOCK_FREE=2 -D__GCC_IEC_559=2 -D__FLT32X_DECIMAL_DIG__=17 -D__FLT_EVAL_METHOD__=0 -D__unix__=1 -D__FLT64_DECIMAL_DIG__=17 -D__CET__=3 -D__GCC_ATOMIC_CHAR32_T_LOCK_FREE=2 -D__x86_64=1 -D__UINT_FAST64_MAX__=0xffffffffffffffffUL -D__SIG_ATOMIC_TYPE__=int '-D__DBL_MIN_10_EXP__=(-307)' -D__FINITE_MATH_ONLY__=0 -D__FLT32_HAS_DENORM__=1 -D__UINT_FAST8_MAX__=0xff '-D__has_include(STR)=__has_include__(STR)' -D__DEC64_MAX_EXP__=385 '-D__INT8_C(c)=c' -D__INT_LEAST8_WIDTH__=8 -D__UINT_LEAST64_MAX__=0xffffffffffffffffUL -D__SHRT_MAX__=0x7fff '-D__LDBL_MAX__=1.18973149535723176502126385303097021e+4932L' -D__FLT64X_MAX_10_EXP__=4932 -D__UINT_LEAST8_MAX__=0xff -D__GCC_ATOMIC_BOOL_LOCK_FREE=2 -D__FLT128_DENORM_MIN__=6.47517511943802511092443895822764655e-4966F128 '-D__UINTMAX_TYPE__=long unsigned int' -D__linux=1 -D__DEC32_EPSILON__=1E-6DF -D__FLT_EVAL_METHOD_TS_18661_3__=0 -D__unix=1 -D__UINT32_MAX__=0xffffffffU -D__LDBL_MAX_EXP__=16384 '-D__FLT128_MIN_EXP__=(-16381)' -D__WINT_MIN__=0U -D__linux__=1 '-D__FLT128_MIN_10_EXP__=(-4931)' -D__INT_LEAST16_WIDTH__=16 -D__SCHAR_MAX__=0x7f -D__FLT128_MANT_DIG__=113 '-D__WCHAR_MIN__=(-__WCHAR_MAX__ - 1)' '-D__INT64_C(c)=c ## L' -D__DBL_DIG__=15 -D__GCC_ATOMIC_POINTER_LOCK_FREE=2 -D__FLT64X_MANT_DIG__=64 -D__SIZEOF_INT__=4 -D__SIZEOF_POINTER__=8 -D__USER_LABEL_PREFIX__= -D__FLT64X_EPSILON__=1.08420217248550443400745280086994171e-19F64x -D__LDBL_HAS_INFINITY__=1 -D__FLT32_DIG__=6 -D__FLT_EPSILON__=1.19209289550781250000000000000000000e-7F -D__SHRT_WIDTH__=16 -D__LDBL_MIN__=3.36210314311209350626267781732175260e-4932L -D__STDC_UTF_16__=1 -D__DEC32_MAX__=9.999999E96DF -D__FLT64X_DENORM_MIN__=3.64519953188247460252840593361941982e-4951F64x -D__FLT32X_HAS_INFINITY__=1 -D__INT32_MAX__=0x7fffffff -D__INT_WIDTH__=32 -D__SIZEOF_LONG__=8 -D__STDC_IEC_559__=1 -D__STDC_ISO_10646__=201706L '-D__UINT16_C(c)=c' -D__PTRDIFF_WIDTH__=64 -D__DECIMAL_DIG__=21 -D__FLT64_EPSILON__=2.22044604925031308084726333618164062e-16F64 -D__gnu_linux__=1 -D__INTMAX_WIDTH__=64 '-D__has_include_next(STR)=__has_include_next__(STR)' '-D__FLT64X_MIN_10_EXP__=(-4931)' -D__LDBL_HAS_QUIET_NAN__=1 -D__FLT64_MANT_DIG__=53 -D__pie__=2 -D__MMX__=1 -D__FLT_HAS_DENORM__=1 -D__SIZEOF_LONG_DOUBLE__=16 -D__BIGGEST_ALIGNMENT__=16 -D__FLT64_MAX_10_EXP__=308 '-D__DBL_MAX__=((double)1.79769313486231570814527423731704357e+308L)' -D__INT_FAST32_MAX__=0x7fffffffffffffffL -D__DBL_HAS_INFINITY__=1 -D__HAVE_SPECULATION_SAFE_VALUE=1 '-D__DEC32_MIN_EXP__=(-94)' -D__INTPTR_WIDTH__=64 -D__FLT32X_HAS_DENORM__=1 '-D__INT_FAST16_TYPE__=long int' -D__LDBL_HAS_DENORM__=1 -D__FLT128_HAS_INFINITY__=1 -D__DEC128_MAX__=9.999999999999999999999999999999999E6144DL -D__INT_LEAST32_MAX__=0x7fffffff -D__DEC32_MIN__=1E-95DF -D__DBL_MAX_EXP__=1024 -D__WCHAR_WIDTH__=32 '-D__FLT32_MAX__=3.40282346638528859811704183484516925e+38F32' -D__DEC128_EPSILON__=1E-33DL -D__SSE2_MATH__=1 -D__ATOMIC_HLE_RELEASE=131072 -D__PTRDIFF_MAX__=0x7fffffffffffffffL -D__amd64=1 -D__ATOMIC_HLE_ACQUIRE=65536 -D__FLT32_HAS_QUIET_NAN__=1 -D__LONG_LONG_MAX__=0x7fffffffffffffffLL -D__SIZEOF_SIZE_T__=8 '-D__FLT64X_MIN_EXP__=(-16381)' -D__SIZEOF_WINT_T__=4 -D__LONG_LONG_WIDTH__=64 -D__FLT32_MAX_EXP__=128 -D__GCC_HAVE_DWARF2_CFI_ASM=1 -D__GXX_ABI_VERSION=1013 '-D__FLT_MIN_EXP__=(-125)' -D__FLT64X_HAS_QUIET_NAN__=1 '-D__INT_FAST64_TYPE__=long int' -D__FLT64_DENORM_MIN__=4.94065645841246544176568792868221372e-324F64 '-D__DBL_MIN__=((double)2.22507385850720138309023271733240406e-308L)' -D__PIE__=2 -D__LP64__=1 -D__FLT32X_EPSILON__=2.22044604925031308084726333618164062e-16F32x -D__DECIMAL_BID_FORMAT__=1 '-D__FLT64_MIN_EXP__=(-1021)' '-D__FLT64_MIN_10_EXP__=(-307)' -D__FLT64X_DECIMAL_DIG__=21 -D__DEC128_MIN__=1E-6143DL -D__REGISTER_PREFIX__= -D__UINT16_MAX__=0xffff -D__DBL_HAS_DENORM__=1 -D__FLT32_MIN__=1.17549435082228750796873653722224568e-38F32 '-D__UINT8_TYPE__=unsigned char' -D__NO_INLINE__=1 -D__FLT_MANT_DIG__=24 -D__LDBL_DECIMAL_DIG__=21 '-D__UINT64_C(c)=c ## UL' -D_STDC_PREDEF_H=1 -D__GCC_ATOMIC_INT_LOCK_FREE=2 -D__FLT128_MAX_EXP__=16384 -D__FLT32_MANT_DIG__=24 -D__FLOAT_WORD_ORDER__=__ORDER_LITTLE_ENDIAN__ -D__STDC_IEC_559_COMPLEX__=1 -D__FLT128_HAS_DENORM__=1 -D__FLT128_DIG__=33 -D__SCHAR_WIDTH__=8 '-D__INT32_C(c)=c' -D__DEC64_EPSILON__=1E-15DD -D__ORDER_PDP_ENDIAN__=3412 '-D__DEC128_MIN_EXP__=(-6142)' -D__FLT32_MAX_10_EXP__=38 '-D__INT_FAST32_TYPE__=long int' '-D__UINT_LEAST16_TYPE__=short unsigned int' -D__FLT64X_HAS_INFINITY__=1 -Dunix=1 -D__INT16_MAX__=0x7fff '-D__SIZE_TYPE__=long unsigned int' -D__UINT64_MAX__=0xffffffffffffffffUL -D__FLT64X_DIG__=18 '-D__INT8_TYPE__=signed char' -D__ELF__=1 -D__GCC_ASM_FLAG_OUTPUTS__=1 -D__FLT_RADIX__=2 '-D__INT_LEAST16_TYPE__=short int' -D__LDBL_EPSILON__=1.08420217248550443400745280086994171e-19L '-D__UINTMAX_C(c)=c ## UL' -D__SSE_MATH__=1 -D__k8=1 -D__SIG_ATOMIC_MAX__=0x7fffffff -D__GCC_ATOMIC_WCHAR_T_LOCK_FREE=2 -D__SIZEOF_PTRDIFF_T__=8 -D__FLT32X_MANT_DIG__=53 -D__x86_64__=1 '-D__FLT32X_MIN_EXP__=(-1021)' -D__DEC32_SUBNORMAL_MIN__=0.000001E-95DF -D__INT_FAST16_MAX__=0x7fffffffffffffffL -D__FLT64_DIG__=15 -D__UINT_FAST32_MAX__=0xffffffffffffffffUL '-D__UINT_LEAST64_TYPE__=long unsigned int' -D__FLT_HAS_QUIET_NAN__=1 -D__FLT_MAX_10_EXP__=38 -D__LONG_MAX__=0x7fffffffffffffffL -D__FLT64X_HAS_DENORM__=1 -D__DEC128_SUBNORMAL_MIN__=0.000000000000000000000000000000001E-6143DL -D__FLT_HAS_INFINITY__=1 '-D__UINT_FAST16_TYPE__=long unsigned int' -D__DEC64_MAX__=9.999999999999999E384DD -D__INT_FAST32_WIDTH__=64 -D__PRAGMA_REDEFINE_EXTNAME=1 -D__SIZE_WIDTH__=64 -D__SEG_FS=1 -D__INT_LEAST16_MAX__=0x7fff -D__DEC64_MANT_DIG__=16 -D__INT64_MAX__=0x7fffffffffffffffL -D__UINT_LEAST32_MAX__=0xffffffffU -D__SEG_GS=1 -D__FLT32_DENORM_MIN__=1.40129846432481707092372958328991613e-45F32 -D__GCC_ATOMIC_LONG_LOCK_FREE=2 -D__SIG_ATOMIC_WIDTH__=32 '-D__INT_LEAST64_TYPE__=long int' '-D__INT16_TYPE__=short int' '-D__INT_LEAST8_TYPE__=signed char' -D__DEC32_MAX_EXP__=97 -D__INT_FAST8_MAX__=0x7f '-D__FLT128_MAX__=1.18973149535723176508575932662800702e+4932F128' -D__INTPTR_MAX__=0x7fffffffffffffffL -Dlinux=1 -D__FLT64_HAS_QUIET_NAN__=1 '-D__FLT32_MIN_10_EXP__=(-37)' -D__SSE2__=1 -D__FLT32X_DIG__=15 -D__LDBL_MANT_DIG__=64 -D__DBL_HAS_QUIET_NAN__=1 -D__FLT64_HAS_INFINITY__=1 '-D__FLT64X_MAX__=1.18973149535723176502126385303097021e+4932F64x' '-D__SIG_ATOMIC_MIN__=(-__SIG_ATOMIC_MAX__ - 1)' -D__code_model_small__=1 -D__k8__=1 '-D__INTPTR_TYPE__=long int' '-D__UINT16_TYPE__=short unsigned int' -D__WCHAR_TYPE__=int -D__SIZEOF_FLOAT__=4 -D__pic__=2 -D__UINTPTR_MAX__=0xffffffffffffffffUL -D__INT_FAST64_WIDTH__=64 '-D__DEC64_MIN_EXP__=(-382)' -D__FLT32_DECIMAL_DIG__=9 -D__INT_FAST64_MAX__=0x7fffffffffffffffL -D__GCC_ATOMIC_TEST_AND_SET_TRUEVAL=1 -D__FLT_DIG__=6 -D__FLT32_HAS_INFINITY__=1 -D__FLT64X_MAX_EXP__=16384 '-D__UINT_FAST64_TYPE__=long unsigned int' -D__INT_MAX__=0x7fffffff -D__amd64__=1 '-D__INT64_TYPE__=long int' -D__FLT_MAX_EXP__=128 -D__ORDER_BIG_ENDIAN__=4321 -D__DBL_MANT_DIG__=53 -D__SIZEOF_FLOAT128__=16 -D__INT_LEAST64_MAX__=0x7fffffffffffffffL -D__GCC_ATOMIC_CHAR16_T_LOCK_FREE=2 -D__DEC64_MIN__=1E-383DD '-D__WINT_TYPE__=unsigned int' '-D__UINT_LEAST32_TYPE__=unsigned int' -D__SIZEOF_SHORT__=2 -D__SSE__=1 '-D__LDBL_MIN_EXP__=(-16381)' '-D__FLT64_MAX__=1.79769313486231570814527423731704357e+308F64' -D__WINT_WIDTH__=32 -D__INT_LEAST8_MAX__=0x7f -D__FLT32X_MAX_10_EXP__=308 -D__SIZEOF_INT128__=16 -D__LDBL_MAX_10_EXP__=4932 -D__ATOMIC_RELAXED=0 '-D__DBL_EPSILON__=((double)2.22044604925031308084726333618164062e-16L)' -D__FLT128_MIN__=3.36210314311209350626267781732175260e-4932F128 -D_LP64=1 '-D__UINT8_C(c)=c' -D__FLT64_MAX_EXP__=1024 -D__INT_LEAST32_TYPE__=int -D__SIZEOF_WCHAR_T__=4 '-D__UINT64_TYPE__=long unsigned int' -D__FLT128_HAS_QUIET_NAN__=1 '-D__INT_FAST8_TYPE__=signed char' -D__FLT64X_MIN__=3.36210314311209350626267781732175260e-4932F64x -D__FLT64_HAS_DENORM__=1 -D__FLT32_EPSILON__=1.19209289550781250000000000000000000e-7F32 -D__DBL_DECIMAL_DIG__=17 -D__STDC_UTF_32__=1 -D__INT_FAST8_WIDTH__=8 -D__FXSR__=1 -D__DEC_EVAL_METHOD__=2 '-D__FLT32X_MAX__=1.79769313486231570814527423731704357e+308F32x' '-D__UINT32_C(c)=c ## U' -D__INTMAX_MAX__=0x7fffffffffffffffL -D__BYTE_ORDER__=__ORDER_LITTLE_ENDIAN__ -D__FLT_DENORM_MIN__=1.40129846432481707092372958328991613e-45F -D__INT8_MAX__=0x7f -D__LONG_WIDTH__=64 -D__PIC__=2 '-D__UINT_FAST32_TYPE__=long unsigned int' '-D__FLT_MAX__=3.40282346638528859811704183484516925e+38F' -D__INT32_TYPE__=int -D__SIZEOF_DOUBLE__=8 '-D__FLT_MIN_10_EXP__=(-37)' -D__FLT64_MIN__=2.22507385850720138309023271733240406e-308F64 -D__INT_LEAST32_WIDTH__=32 '-D__INTMAX_TYPE__=long int' -D__DEC128_MAX_EXP__=6145 -D__FLT32X_HAS_QUIET_NAN__=1 -D__ATOMIC_CONSUME=1 -D__INT_FAST16_WIDTH__=64 -D__UINTMAX_MAX__=0xffffffffffffffffUL -D__DEC32_MANT_DIG__=7 -D__FLT32X_DENORM_MIN__=4.94065645841246544176568792868221372e-324F32x -D__DBL_MAX_10_EXP__=308 -D__LDBL_DENORM_MIN__=3.64519953188247460252840593361941982e-4951L '-D__INT16_C(c)=c' '-D__PTRDIFF_TYPE__=long int' -D__ATOMIC_SEQ_CST=5 '-D__UINT32_TYPE__=unsigned int' '-D__FLT32X_MIN_10_EXP__=(-307)' '-D__UINTPTR_TYPE__=long unsigned int' -D__DEC64_SUBNORMAL_MIN__=0.000000000000001E-383DD -D__DEC128_MANT_DIG__=34 '-D__LDBL_MIN_10_EXP__=(-4931)' -D__FLT128_EPSILON__=1.92592994438723585305597794258492732e-34F128 -D__SIZEOF_LONG_LONG__=8 -D__FLT128_DECIMAL_DIG__=36 -D__GCC_ATOMIC_LLONG_LOCK_FREE=2 -D__FLT32X_MIN__=2.22507385850720138309023271733240406e-308F32x -D__LDBL_DIG__=18 -D__FLT_DECIMAL_DIG__=9 -D__UINT_FAST16_MAX__=0xffffffffffffffffUL -D__GCC_ATOMIC_SHORT_LOCK_FREE=2 -D__INT_LEAST64_WIDTH__=64 '-D__UINT_FAST8_TYPE__=unsigned char' -D__ATOMIC_ACQ_REL=4 -D__ATOMIC_RELEASE=3 -I/usr/lib/gcc/x86_64-linux-gnu/9/include -I/usr/local/include -I/usr/include/x86_64-linux-gnu -I/usr/include -- CWE-190___CVE-2024-36927.c___1-103___93.c_vul.c
[E 23:32:57 143057] Not using TRAP cache
[E 23:32:57 143057] TRAP cache miss
[E 23:32:57 143057] Starting compilation TRAP /root/vulchecker/zeroday_0229_vul_revision/db/trap/cpp/compilations/0/58051429_0.trap.br
[E 23:32:57 143057] Archiving /root/vulchecker/zeroday_0229_vul_revision/db/src/root/vulchecker/zeroday_0229_vul_revision/CWE-190___CVE-2024-36927.c___1-103___93.c_vul.c
[E 23:32:57 143057] Warning[extractor-c++]: In construct_text_message: "CWE-190___CVE-2024-36927.c___1-103___93.c_vul.c", line 5: error: pointer or reference to incomplete type "struct net" is not allowed
          ICMPMSGOUT_INC_STATS(net, type);
          ^


[E 23:32:57 143057] Warning[extractor-c++]: In construct_text_message: "CWE-190___CVE-2024-36927.c___1-103___93.c_vul.c", line 6: error: identifier "ICMP_MIB_OUTMSGS" is undefined
          ICMP_INC_STATS(net, ICMP_MIB_OUTMSGS);
                              ^


[E 23:32:57 143057] Warning[extractor-c++]: In construct_text_message: "CWE-190___CVE-2024-36927.c___1-103___93.c_vul.c", line 18: error: identifier "NULL" is undefined
  	struct ip_options *opt = NULL;
  	                         ^


[E 23:32:57 143057] Warning[extractor-c++]: In construct_text_message: "CWE-190___CVE-2024-36927.c___1-103___93.c_vul.c", line 19: error: pointer or reference to incomplete type "struct inet_cork" is not allowed
  	struct rtable *rt = (struct rtable *)cork->dst;
  	                                     ^


[E 23:32:57 143057] Warning[extractor-c++]: In construct_text_message: "CWE-190___CVE-2024-36927.c___1-103___93.c_vul.c", line 21: error: identifier "__be16" is undefined
  	__be16 df = 0;
  	^


[E 23:32:57 143057] Warning[extractor-c++]: In construct_text_message: "CWE-190___CVE-2024-36927.c___1-103___93.c_vul.c", line 22: error: identifier "__u8" is undefined
  	__u8 ttl;
  	^


[E 23:32:57 143057] Warning[extractor-c++]: In construct_text_message: "CWE-190___CVE-2024-36927.c___1-103___93.c_vul.c", line 27: error: operator -> or ->* applied to "int" instead of to a pointer type
  	tail_skb = &(skb_shinfo(skb)->frag_list);
  	             ^


[E 23:32:57 143057] Warning[extractor-c++]: In construct_text_message: "CWE-190___CVE-2024-36927.c___1-103___93.c_vul.c", line 30: error: pointer or reference to incomplete type "struct sk_buff" is not allowed
  	if (skb->data < skb_network_header(skb))
  	    ^


[E 23:32:57 143057] Warning[extractor-c++]: In construct_text_message: "CWE-190___CVE-2024-36927.c___1-103___93.c_vul.c", line 35: error: pointer or reference to incomplete type "struct sk_buff" is not allowed
  		tail_skb = &(tmp_skb->next);
  		             ^


[E 23:32:57 143057] Warning[extractor-c++]: In construct_text_message: "CWE-190___CVE-2024-36927.c___1-103___93.c_vul.c", line 36: error: pointer or reference to incomplete type "struct sk_buff" is not allowed
  		skb->len += tmp_skb->len;
  		^


[E 23:32:57 143057] Warning[extractor-c++]: In construct_text_message: "CWE-190___CVE-2024-36927.c___1-103___93.c_vul.c", line 36: error: pointer or reference to incomplete type "struct sk_buff" is not allowed
  		skb->len += tmp_skb->len;
  		            ^


[E 23:32:57 143057] Warning[extractor-c++]: In construct_text_message: "CWE-190___CVE-2024-36927.c___1-103___93.c_vul.c", line 37: error: pointer or reference to incomplete type "struct sk_buff" is not allowed
  		skb->data_len += tmp_skb->len;
  		^


[E 23:32:57 143057] Warning[extractor-c++]: In construct_text_message: "CWE-190___CVE-2024-36927.c___1-103___93.c_vul.c", line 37: error: pointer or reference to incomplete type "struct sk_buff" is not allowed
  		skb->data_len += tmp_skb->len;
  		                 ^


[E 23:32:57 143057] Warning[extractor-c++]: In construct_text_message: "CWE-190___CVE-2024-36927.c___1-103___93.c_vul.c", line 38: error: pointer or reference to incomplete type "struct sk_buff" is not allowed
  		skb->truesize += tmp_skb->truesize;
  		^


[E 23:32:57 143057] Warning[extractor-c++]: In construct_text_message: "CWE-190___CVE-2024-36927.c___1-103___93.c_vul.c", line 38: error: pointer or reference to incomplete type "struct sk_buff" is not allowed
  		skb->truesize += tmp_skb->truesize;
  		                 ^


[E 23:32:57 143057] Warning[extractor-c++]: In construct_text_message: "CWE-190___CVE-2024-36927.c___1-103___93.c_vul.c", line 39: error: pointer or reference to incomplete type "struct sk_buff" is not allowed
  		tmp_skb->destructor = NULL;
  		^


[E 23:32:57 143057] Warning[extractor-c++]: In construct_text_message: "CWE-190___CVE-2024-36927.c___1-103___93.c_vul.c", line 40: error: pointer or reference to incomplete type "struct sk_buff" is not allowed
  		tmp_skb->sk = NULL;
  		^


[E 23:32:57 143057] Warning[extractor-c++]: In construct_text_message: "CWE-190___CVE-2024-36927.c___1-103___93.c_vul.c", line 47: error: pointer or reference to incomplete type "struct sk_buff" is not allowed
  	skb->ignore_df = ip_sk_ignore_df(sk);
  	^


[E 23:32:57 143057] Warning[extractor-c++]: In construct_text_message: "CWE-190___CVE-2024-36927.c___1-103___93.c_vul.c", line 52: error: pointer or reference to incomplete type "struct inet_sock" is not allowed
  	if (inet->pmtudisc == IP_PMTUDISC_DO ||
  	    ^


[E 23:32:57 143057] Warning[extractor-c++]: In construct_text_message: "CWE-190___CVE-2024-36927.c___1-103___93.c_vul.c", line 52: error: identifier "IP_PMTUDISC_DO" is undefined
  	if (inet->pmtudisc == IP_PMTUDISC_DO ||
  	                      ^


[E 23:32:57 143057] Warning[extractor-c++]: In construct_text_message: "CWE-190___CVE-2024-36927.c___1-103___93.c_vul.c", line 53: error: pointer or reference to incomplete type "struct inet_sock" is not allowed
  	    inet->pmtudisc == IP_PMTUDISC_PROBE ||
  	    ^


[E 23:32:57 143057] Warning[extractor-c++]: In construct_text_message: "CWE-190___CVE-2024-36927.c___1-103___93.c_vul.c", line 53: error: identifier "IP_PMTUDISC_PROBE" is undefined
  	    inet->pmtudisc == IP_PMTUDISC_PROBE ||
  	                      ^


[E 23:32:57 143057] Warning[extractor-c++]: In construct_text_message: "CWE-190___CVE-2024-36927.c___1-103___93.c_vul.c", line 54: error: pointer or reference to incomplete type "struct sk_buff" is not allowed
  	    (skb->len <= dst_mtu(&rt->dst) &&
  	     ^


[E 23:32:57 143057] Warning[extractor-c++]: In construct_text_message: "CWE-190___CVE-2024-36927.c___1-103___93.c_vul.c", line 54: error: pointer or reference to incomplete type "struct rtable" is not allowed
  	    (skb->len <= dst_mtu(&rt->dst) &&
  	                          ^


[E 23:32:57 143057] Warning[extractor-c++]: In construct_text_message: "CWE-190___CVE-2024-36927.c___1-103___93.c_vul.c", line 55: error: pointer or reference to incomplete type "struct rtable" is not allowed
  	     ip_dont_fragment(sk, &rt->dst)))
  	                           ^


[E 23:32:57 143057] Warning[extractor-c++]: In construct_text_message: "CWE-190___CVE-2024-36927.c___1-103___93.c_vul.c", line 56: error: identifier "IP_DF" is undefined
  		df = htons(IP_DF);
  		           ^


[E 23:32:57 143057] Warning[extractor-c++]: In construct_text_message: "CWE-190___CVE-2024-36927.c___1-103___93.c_vul.c", line 58: error: pointer or reference to incomplete type "struct inet_cork" is not allowed
  	if (cork->flags & IPCORK_OPT)
  	    ^


[E 23:32:57 143057] Warning[extractor-c++]: In construct_text_message: "CWE-190___CVE-2024-36927.c___1-103___93.c_vul.c", line 58: error: identifier "IPCORK_OPT" is undefined
  	if (cork->flags & IPCORK_OPT)
  	                  ^


[E 23:32:57 143057] Warning[extractor-c++]: In construct_text_message: "CWE-190___CVE-2024-36927.c___1-103___93.c_vul.c", line 59: error: pointer or reference to incomplete type "struct inet_cork" is not allowed
  		opt = cork->opt;
  		      ^


[E 23:32:57 143057] Warning[extractor-c++]: In construct_text_message: "CWE-190___CVE-2024-36927.c___1-103___93.c_vul.c", line 61: error: pointer or reference to incomplete type "struct inet_cork" is not allowed
  	if (cork->ttl != 0)
  	    ^


[E 23:32:57 143057] Warning[extractor-c++]: In construct_text_message: "CWE-190___CVE-2024-36927.c___1-103___93.c_vul.c", line 62: error: pointer or reference to incomplete type "struct inet_cork" is not allowed
  		ttl = cork->ttl;
  		      ^


[E 23:32:57 143057] Warning[extractor-c++]: In construct_text_message: "CWE-190___CVE-2024-36927.c___1-103___93.c_vul.c", line 63: error: pointer or reference to incomplete type "struct rtable" is not allowed
  	else if (rt->rt_type == RTN_MULTICAST)
  	         ^


[E 23:32:57 143057] Warning[extractor-c++]: In construct_text_message: "CWE-190___CVE-2024-36927.c___1-103___93.c_vul.c", line 63: error: identifier "RTN_MULTICAST" is undefined
  	else if (rt->rt_type == RTN_MULTICAST)
  	                        ^


[E 23:32:57 143057] Warning[extractor-c++]: In construct_text_message: "CWE-190___CVE-2024-36927.c___1-103___93.c_vul.c", line 64: error: pointer or reference to incomplete type "struct inet_sock" is not allowed
  		ttl = inet->mc_ttl;
  		      ^


[E 23:32:57 143057] Warning[extractor-c++]: In construct_text_message: "CWE-190___CVE-2024-36927.c___1-103___93.c_vul.c", line 66: error: pointer or reference to incomplete type "struct rtable" is not allowed
  		ttl = ip_select_ttl(inet, &rt->dst);
  		                           ^


[E 23:32:57 143057] Warning[extractor-c++]: In construct_text_message: "CWE-190___CVE-2024-36927.c___1-103___93.c_vul.c", line 69: error: pointer or reference to incomplete type "struct iphdr" is not allowed
  	iph->version = 4;
  	^


[E 23:32:57 143057] Warning[extractor-c++]: In construct_text_message: "CWE-190___CVE-2024-36927.c___1-103___93.c_vul.c", line 70: error: pointer or reference to incomplete type "struct iphdr" is not allowed
  	iph->ihl = 5;
  	^


[E 23:32:57 143057] Warning[extractor-c++]: In construct_text_message: "CWE-190___CVE-2024-36927.c___1-103___93.c_vul.c", line 71: error: pointer or reference to incomplete type "struct iphdr" is not allowed
  	iph->tos = (cork->tos != -1) ? cork->tos : inet->tos;
  	^


[E 23:32:57 143057] Warning[extractor-c++]: In construct_text_message: "CWE-190___CVE-2024-36927.c___1-103___93.c_vul.c", line 71: error: pointer or reference to incomplete type "struct inet_cork" is not allowed
  	iph->tos = (cork->tos != -1) ? cork->tos : inet->tos;
  	            ^


[E 23:32:57 143057] Warning[extractor-c++]: In construct_text_message: "CWE-190___CVE-2024-36927.c___1-103___93.c_vul.c", line 71: error: pointer or reference to incomplete type "struct inet_cork" is not allowed
  	iph->tos = (cork->tos != -1) ? cork->tos : inet->tos;
  	                               ^


[E 23:32:57 143057] Warning[extractor-c++]: In construct_text_message: "CWE-190___CVE-2024-36927.c___1-103___93.c_vul.c", line 71: error: pointer or reference to incomplete type "struct inet_sock" is not allowed
  	iph->tos = (cork->tos != -1) ? cork->tos : inet->tos;
  	                                           ^


[E 23:32:57 143057] Warning[extractor-c++]: In construct_text_message: "CWE-190___CVE-2024-36927.c___1-103___93.c_vul.c", line 72: error: pointer or reference to incomplete type "struct iphdr" is not allowed
  	iph->frag_off = df;
  	^


[E 23:32:57 143057] Warning[extractor-c++]: In construct_text_message: "CWE-190___CVE-2024-36927.c___1-103___93.c_vul.c", line 73: error: pointer or reference to incomplete type "struct iphdr" is not allowed
  	iph->ttl = ttl;
  	^


[E 23:32:57 143057] Warning[extractor-c++]: In construct_text_message: "CWE-190___CVE-2024-36927.c___1-103___93.c_vul.c", line 74: error: pointer or reference to incomplete type "struct iphdr" is not allowed
  	iph->protocol = sk->sk_protocol;
  	^


[E 23:32:57 143057] Warning[extractor-c++]: In construct_text_message: "CWE-190___CVE-2024-36927.c___1-103___93.c_vul.c", line 74: error: pointer or reference to incomplete type "struct sock" is not allowed
  	iph->protocol = sk->sk_protocol;
  	                ^


[E 23:32:57 143057] Warning[extractor-c++]: In construct_text_message: "CWE-190___CVE-2024-36927.c___1-103___93.c_vul.c", line 79: error: pointer or reference to incomplete type "struct iphdr" is not allowed
  		iph->ihl += opt->optlen >> 2;
  		^


[E 23:32:57 143057] Warning[extractor-c++]: In construct_text_message: "CWE-190___CVE-2024-36927.c___1-103___93.c_vul.c", line 79: error: pointer or reference to incomplete type "struct ip_options" is not allowed
  		iph->ihl += opt->optlen >> 2;
  		            ^


[E 23:32:57 143057] Warning[extractor-c++]: In construct_text_message: "CWE-190___CVE-2024-36927.c___1-103___93.c_vul.c", line 80: error: pointer or reference to incomplete type "struct inet_cork" is not allowed
  		ip_options_build(skb, opt, cork->addr, rt);
  		                           ^


[E 23:32:57 143057] Warning[extractor-c++]: In construct_text_message: "CWE-190___CVE-2024-36927.c___1-103___93.c_vul.c", line 83: error: pointer or reference to incomplete type "struct sk_buff" is not allowed
  	skb->priority = (cork->tos != -1) ? cork->priority: sk->sk_priority;
  	^


[E 23:32:57 143057] Warning[extractor-c++]: In construct_text_message: "CWE-190___CVE-2024-36927.c___1-103___93.c_vul.c", line 83: error: pointer or reference to incomplete type "struct inet_cork" is not allowed
  	skb->priority = (cork->tos != -1) ? cork->priority: sk->sk_priority;
  	                 ^


[E 23:32:57 143057] Warning[extractor-c++]: In construct_text_message: "CWE-190___CVE-2024-36927.c___1-103___93.c_vul.c", line 83: error: pointer or reference to incomplete type "struct inet_cork" is not allowed
  	skb->priority = (cork->tos != -1) ? cork->priority: sk->sk_priority;
  	                                    ^


[E 23:32:57 143057] Warning[extractor-c++]: In construct_text_message: "CWE-190___CVE-2024-36927.c___1-103___93.c_vul.c", line 83: error: pointer or reference to incomplete type "struct sock" is not allowed
  	skb->priority = (cork->tos != -1) ? cork->priority: sk->sk_priority;
  	                                                    ^


[E 23:32:57 143057] Warning[extractor-c++]: In construct_text_message: "CWE-190___CVE-2024-36927.c___1-103___93.c_vul.c", line 84: error: pointer or reference to incomplete type "struct sk_buff" is not allowed
  	skb->mark = cork->mark;
  	^


[E 23:32:57 143057] Warning[extractor-c++]: In construct_text_message: "CWE-190___CVE-2024-36927.c___1-103___93.c_vul.c", line 84: error: pointer or reference to incomplete type "struct inet_cork" is not allowed
  	skb->mark = cork->mark;
  	            ^


[E 23:32:57 143057] Warning[extractor-c++]: In construct_text_message: "CWE-190___CVE-2024-36927.c___1-103___93.c_vul.c", line 85: error: pointer or reference to incomplete type "struct sk_buff" is not allowed
  	skb->tstamp = cork->transmit_time;
  	^


[E 23:32:57 143057] Warning[extractor-c++]: In construct_text_message: "CWE-190___CVE-2024-36927.c___1-103___93.c_vul.c", line 85: error: pointer or reference to incomplete type "struct inet_cork" is not allowed
  	skb->tstamp = cork->transmit_time;
  	              ^


[E 23:32:57 143057] Warning[extractor-c++]: In construct_text_message: "CWE-190___CVE-2024-36927.c___1-103___93.c_vul.c", line 90: error: pointer or reference to incomplete type "struct inet_cork" is not allowed
  	cork->dst = NULL;
  	^


[E 23:32:57 143057] Warning[extractor-c++]: In construct_text_message: "CWE-190___CVE-2024-36927.c___1-103___93.c_vul.c", line 91: error: pointer or reference to incomplete type "struct rtable" is not allowed
  	skb_dst_set(skb, &rt->dst);
  	                  ^


[E 23:32:57 143057] Warning[extractor-c++]: In construct_text_message: "CWE-190___CVE-2024-36927.c___1-103___93.c_vul.c", line 93: error: pointer or reference to incomplete type "struct iphdr" is not allowed
  	if (iph->protocol == IPPROTO_ICMP) {
  	    ^


[E 23:32:57 143057] Warning[extractor-c++]: In construct_text_message: "CWE-190___CVE-2024-36927.c___1-103___93.c_vul.c", line 93: error: identifier "IPPROTO_ICMP" is undefined
  	if (iph->protocol == IPPROTO_ICMP) {
  	                     ^


[E 23:32:57 143057] Warning[extractor-c++]: In construct_text_message: "CWE-190___CVE-2024-36927.c___1-103___93.c_vul.c", line 94: error: identifier "u8" is undefined
  		u8 icmp_type;
  		^


[E 23:32:57 143057] Warning[extractor-c++]: In construct_text_message: "CWE-190___CVE-2024-36927.c___1-103___93.c_vul.c", line 100: error: pointer or reference to incomplete type "struct sock" is not allowed
  		if (sk->sk_type == SOCK_RAW &&
  		    ^


[E 23:32:57 143057] Warning[extractor-c++]: In construct_text_message: "CWE-190___CVE-2024-36927.c___1-103___93.c_vul.c", line 100: error: identifier "SOCK_RAW" is undefined
  		if (sk->sk_type == SOCK_RAW &&
  		                   ^


[E 23:32:57 143057] Warning[extractor-c++]: In construct_text_message: "CWE-190___CVE-2024-36927.c___1-103___93.c_vul.c", line 101: error: identifier "HDRINCL" is undefined
  		    !inet_test_bit(HDRINCL, sk))
  		                   ^


[E 23:32:57 143057] Warning[extractor-c++]: In construct_text_message: "CWE-190___CVE-2024-36927.c___1-103___93.c_vul.c", line 102: error: pointer or reference to incomplete type "struct flowi4" is not allowed
  			icmp_type = fl4->fl4_icmp_type;
  			            ^


[E 23:32:57 143057] Warning[extractor-c++]: In construct_text_message: "CWE-190___CVE-2024-36927.c___1-103___93.c_vul.c", line 104: error: operator -> or ->* applied to "int" instead of to a pointer type
  			icmp_type = icmp_hdr(skb)->type;
  			            ^


[E 23:32:57 143057] Creating trap tarball /root/vulchecker/zeroday_0229_vul_revision/db/trap/cpp/tarballs/root/vulchecker/zeroday_0229_vul_revision/CWE-190___CVE-2024-36927.c___1-103___93.c_vul.c.71ccf85a_0.trap.tar.br
[E 23:32:57 143057] Emitting trap files for CWE-190___CVE-2024-36927.c___1-103___93.c_vul.c
[E 23:32:57 143057] Opening existencedb in /root/vulchecker/zeroday_0229_vul_revision/db/working/existencedb/db
[E 23:32:57 143057] Wrote 1 files to /root/vulchecker/zeroday_0229_vul_revision/db/trap/cpp/tarballs/root/vulchecker/zeroday_0229_vul_revision/CWE-190___CVE-2024-36927.c___1-103___93.c_vul.c.71ccf85a_0.trap.tar.br
[E 23:32:57 143057] Finished compilation TRAP /root/vulchecker/zeroday_0229_vul_revision/db/trap/cpp/compilations/0/58051429_0.trap.br
[E 23:32:57 143057] Marking C compilation as happened.
[E 23:32:57 143057] Setting tag c-compilation-happened
[E 23:32:57 143057] Starting from CODEQL_TRACER_DB_ID 0000000000022ECF_0000000000000001
[E 23:32:57 143057] Locking DB /root/vulchecker/zeroday_0229_vul_revision/db/working/tags.db
[E 23:32:57 143057] Locked DB /root/vulchecker/zeroday_0229_vul_revision/db/working/tags.db
[E 23:32:57 143057] Set tag for 0000000000022ECF_0000000000000001
[E 23:32:57 143057] Set tag for 0000000000022ECD_0000000000000001
[E 23:32:57 143057] Set tag for 0000000000022DC4_0000000000000003
[E 23:32:57 143057] Set tag for 0000000000022DC4_0000000000000002
[E 23:32:57 143057] Set tag for root
[E 23:32:57 143057] Unlocking DB
[E 23:32:57 143057] Unlocked DB
[E 23:32:57 143057] Warning[extractor-c++]: In main: Extractor exiting with code 1
