Determining if the pthread_create exist failed with the following output:
Change Dir: /ExtractFix/src/CMakeFiles/CMakeTmp

Run Build Command:"/usr/bin/make" "cmTC_4006f/fast"
/usr/bin/make -f CMakeFiles/cmTC_4006f.dir/build.make CMakeFiles/cmTC_4006f.dir/build
make[1]: Entering directory '/ExtractFix/src/CMakeFiles/CMakeTmp'
Building C object CMakeFiles/cmTC_4006f.dir/CheckSymbolExists.c.o
/usr/bin/cc     -o CMakeFiles/cmTC_4006f.dir/CheckSymbolExists.c.o   -c /ExtractFix/src/CMakeFiles/CMakeTmp/CheckSymbolExists.c
Linking C executable cmTC_4006f
/usr/bin/cmake -E cmake_link_script CMakeFiles/cmTC_4006f.dir/link.txt --verbose=1
/usr/bin/cc       CMakeFiles/cmTC_4006f.dir/CheckSymbolExists.c.o  -o cmTC_4006f 
CMakeFiles/cmTC_4006f.dir/CheckSymbolExists.c.o: In function `main':
CheckSymbolExists.c:(.text+0x16): undefined reference to `pthread_create'
collect2: error: ld returned 1 exit status
CMakeFiles/cmTC_4006f.dir/build.make:97: recipe for target 'cmTC_4006f' failed
make[1]: *** [cmTC_4006f] Error 1
make[1]: Leaving directory '/ExtractFix/src/CMakeFiles/CMakeTmp'
Makefile:126: recipe for target 'cmTC_4006f/fast' failed
make: *** [cmTC_4006f/fast] Error 2

File /ExtractFix/src/CMakeFiles/CMakeTmp/CheckSymbolExists.c:
/* */
#include <pthread.h>

int main(int argc, char** argv)
{
  (void)argv;
#ifndef pthread_create
  return ((int*)(&pthread_create))[argc];
#else
  (void)argc;
  return 0;
#endif
}

Determining if the function pthread_create exists in the pthreads failed with the following output:
Change Dir: /ExtractFix/src/CMakeFiles/CMakeTmp

Run Build Command:"/usr/bin/make" "cmTC_08133/fast"
/usr/bin/make -f CMakeFiles/cmTC_08133.dir/build.make CMakeFiles/cmTC_08133.dir/build
make[1]: Entering directory '/ExtractFix/src/CMakeFiles/CMakeTmp'
Building C object CMakeFiles/cmTC_08133.dir/CheckFunctionExists.c.o
/usr/bin/cc    -DCHECK_FUNCTION_EXISTS=pthread_create   -o CMakeFiles/cmTC_08133.dir/CheckFunctionExists.c.o   -c /usr/share/cmake-3.5/Modules/CheckFunctionExists.c
Linking C executable cmTC_08133
/usr/bin/cmake -E cmake_link_script CMakeFiles/cmTC_08133.dir/link.txt --verbose=1
/usr/bin/cc   -DCHECK_FUNCTION_EXISTS=pthread_create    CMakeFiles/cmTC_08133.dir/CheckFunctionExists.c.o  -o cmTC_08133 -lpthreads 
/usr/bin/ld: cannot find -lpthreads
collect2: error: ld returned 1 exit status
CMakeFiles/cmTC_08133.dir/build.make:97: recipe for target 'cmTC_08133' failed
make[1]: *** [cmTC_08133] Error 1
make[1]: Leaving directory '/ExtractFix/src/CMakeFiles/CMakeTmp'
Makefile:126: recipe for target 'cmTC_08133/fast' failed
make: *** [cmTC_08133/fast] Error 2


